<?xml version="1.0" encoding="UTF-8"?>
<testsuite name="ch.zhaw.ads.Praktikum_01.BracketServerTest" tests="1" skipped="0" failures="0" errors="0" timestamp="2020-09-17T19:20:53" hostname="MacBook-Pro.fritz.box" time="0.012">
  <properties/>
  <testcase name="testBracket" classname="ch.zhaw.ads.Praktikum_01.BracketServerTest" time="0.012"/>
  <system-out><![CDATA[true
false
true
false
true
false
]]></system-out>
  <system-err><![CDATA[]]></system-err>
</testsuite>
